Running Gradle task 'assembleRelease'...                        
lib/core/services/notification_service.dart:412:40: Error: The getter 'priority' isn't defined for the type 'NotificationService'.
 - 'NotificationService' is from 'package:tablet_remainder/core/services/notification_service.dart' ('lib/core/services/notification_service.dart').
Try correcting the name to the name of an existing getter, or defining a getter or field named 'priority'.
        _notificationDetails(priority: priority),
                                       ^^^^^^^^
Target kernel_snapshot_program failed: Exception


FAILURE: Build failed with an exception.

* What went wrong:
Execution failed for task ':app:compileFlutterBuildRelease'.
> Process 'command '/Users/dsp/Documents/flutter/bin/flutter'' finished with non-zero exit value 1

* Try:
> Run with --stacktrace option to get the stack trace.
> Run with --info or --debug option to get more log output.
> Run with --scan to get full insights.
> Get more help at https://help.gradle.org.

BUILD FAILED in 52s
Running Gradle task 'assembleRelease'...                           54.2s
Gradle task assembleRelease failed with exit code 1
